#
# A fatal error has been detected by the Java Runtime Environment:
#
#  Internal Error (classFileParser.cpp:3494), pid=5200, tid=6240
#  Error: ShouldNotReachHere()
#
# JRE version: 6.0_38-b05
# Java VM: Java HotSpot(TM) 64-Bit Server VM (20.13-b02 mixed mode windows-amd64 compressed oops)
# If you would like to submit a bug report, please visit:
#   http://java.sun.com/webapps/bugreport/crash.jsp
#

---------------  T H R E A D  ---------------

Current thread (0x000000000025c000):  JavaThread "Unknown thread" [_thread_in_vm, id=6240, stack(0x0000000002430000,0x0000000002530000)]

Stack: [0x0000000002430000,0x0000000002530000]
[error occurred during error reporting (printing stack bounds), id 0xc0000005]


---------------  P R O C E S S  ---------------

Java Threads: ( => current thread )

Other Threads:

=>0x000000000025c000 (exited) JavaThread "Unknown thread" [_thread_in_vm, id=6240, stack(0x0000000002430000,0x0000000002530000)]

VM state:not at safepoint (not fully initialized)

VM Mutex/Monitor currently owned by a thread: None

Dynamic libraries:
0x0000000000400000 - 0x000000000042f000 	C:\Program Files\Java\jdk1.6.0_38\bin\javaw.exe
0x0000000077450000 - 0x00000000775f9000 	C:\windows\SYSTEM32\ntdll.dll
0x0000000077330000 - 0x000000007744f000 	C:\windows\system32\kernel32.dll
0x000007fefd4f0000 - 0x000007fefd55c000 	C:\windows\system32\KERNELBASE.dll
0x000007fefe0b0000 - 0x000007fefe18b000 	C:\windows\system32\ADVAPI32.dll
0x000007fefd6a0000 - 0x000007fefd73f000 	C:\windows\system32\msvcrt.dll
0x000007feff320000 - 0x000007feff33f000 	C:\windows\SYSTEM32\sechost.dll
0x000007fefdc00000 - 0x000007fefdd2d000 	C:\windows\system32\RPCRT4.dll
0x0000000077230000 - 0x000000007732a000 	C:\windows\system32\USER32.dll
0x000007fefe210000 - 0x000007fefe277000 	C:\windows\system32\GDI32.dll
0x000007fefe0a0000 - 0x000007fefe0ae000 	C:\windows\system32\LPK.dll
0x000007fefd9a0000 - 0x000007fefda69000 	C:\windows\system32\USP10.dll
0x000007feff270000 - 0x000007feff29e000 	C:\windows\system32\IMM32.DLL
0x000007feff650000 - 0x000007feff759000 	C:\windows\system32\MSCTF.dll
0x000000006d8c0000 - 0x000000006e07b000 	C:\Program Files\Java\jdk1.6.0_38\jre\bin\server\jvm.dll
0x000007fefb220000 - 0x000007fefb25b000 	C:\windows\system32\WINMM.dll
0x000000006d830000 - 0x000000006d83e000 	C:\Program Files\Java\jdk1.6.0_38\jre\bin\verify.dll
0x000000006d450000 - 0x000000006d477000 	C:\Program Files\Java\jdk1.6.0_38\jre\bin\java.dll
0x000000006d880000 - 0x000000006d892000 	C:\Program Files\Java\jdk1.6.0_38\jre\bin\zip.dll
0x0000000077610000 - 0x0000000077617000 	C:\windows\system32\PSAPI.DLL

VM Arguments:
jvm_args: -Dfile.encoding=UTF-8 -Xbootclasspath:G:\AndroidSDK\platforms\android-15\android.jar 
java_command: myUtils.DB
Launcher Type: SUN_STANDARD

Environment Variables:
JAVA_HOME=C:\Program Files\Java\jdk1.8.0_45
CLASSPATH=C:\Program Files\Java\jdk1.8.0_45
PATH=C:/Program Files/Java/jre1.8.0_45/bin/server;C:/Program Files/Java/jre1.8.0_45/bin;C:/Program Files/Java/jre1.8.0_45/lib/amd64;C:\ProgramData\Oracle\Java\javapath;C:\Program Files (x86)\Intel\iCLS Client\;C:\Program Files\Intel\iCLS Client\;C:\windows\system32;C:\windows;C:\windows\System32\Wbem;C:\windows\System32\WindowsPowerShell\v1.0\;c:\Program Files (x86)\ATI Technologies\ATI.ACE\Core-Static;C:\Program Files\Intel\WiFi\bin\;C:\Program Files\Common Files\Intel\WirelessCommon\;C:\Program Files\Intel\Intel(R) Management Engine Components\DAL;C:\Program Files (x86)\Intel\Intel(R) Management Engine Components\DAL;C:\Program Files\Intel\Intel(R) Management Engine Components\IPT;C:\Program Files (x86)\Intel\Intel(R) Management Engine Components\IPT;C:\Program Files (x86)\Microsoft SQL Server\100\Tools\Binn\VSShell\Common7\IDE\;C:\Program Files (x86)\Microsoft SQL Server\100\Tools\Binn\;C:\Program Files\Microsoft SQL Server\100\Tools\Binn\;C:\Program Files (x86)\Microsoft SQL Server\100\DTS\Binn\;C:\Program Files\Microsoft SQL Server\100\DTS\Binn\;C:\Program Files (x86)\Microsoft Visual Studio 9.0\Common7\IDE\PrivateAssemblies\;C:\Program Files\Java\apache-maven-3.2.5\bin;C:\Program Files\Java\jdk1.8.0_45\bin;;C:\Users\jslee\Desktop\Everything\eclipse;
USERNAME=jslee
OS=Windows_NT
PROCESSOR_IDENTIFIER=Intel64 Family 6 Model 61 Stepping 4, GenuineIntel



---------------  S Y S T E M  ---------------

OS: Windows 7 , 64 bit Build 7601 Service Pack 1

CPU:total 4 (2 cores per cpu, 2 threads per core) family 6 model 61 stepping 4, cmov, cx8, fxsr, mmx, sse, sse2, sse3, ssse3, sse4.1, sse4.2, popcnt, ht

Memory: 4k page, physical 8260672k(2109768k free), swap 16519504k(9192084k free)

vm_info: Java HotSpot(TM) 64-Bit Server VM (20.13-b02) for windows-amd64 JRE (1.6.0_38-b05), built on Nov 14 2012 00:54:08 by "java_re" with MS VC++ 8.0 (VS2005)

time: Thu Oct 08 10:54:53 2015
elapsed time: 0 seconds

